<?xml version="1.0" encoding="UTF-8"?>
<!-- Generated by org.testng.reporters.JUnitXMLReporter -->
<testsuite hostname="DESKTOP-HGE39OB" ignored="0" name="Back End Test Cases" tests="3" failures="0" timestamp="2019-11-22T07:06:54 IST" time="0.089" errors="0">
  <testcase name="TestCase1" time="0.011" classname="testngPackage.firstTestngTest2"/>
  <testcase name="TestCase3" time="0.004" classname="testngPackage.firstTestngTest2"/>
  <testcase name="TestCase4" time="0.011" classname="testngPackage.firstTestngTest2"/>
</testsuite> <!-- Back End Test Cases -->
