<?xml version="1.0" encoding="UTF-8"?>
<!-- Generated by org.testng.reporters.JUnitXMLReporter -->
<testsuite hostname="DESKTOP-HGE39OB" ignored="0" name="Command line test" tests="7" failures="0" timestamp="2019-11-25T07:36:59 IST" time="73.653" errors="0">
  <testcase name="DataDrivenTestCase" time="1.011" classname="testngPackage.dataProviderTest"/>
  <testcase name="DataDrivenTestCase" time="1.012" classname="testngPackage.dataProviderTest"/>
  <testcase name="DataDrivenTestCase" time="1.008" classname="testngPackage.dataProviderTest"/>
  <testcase name="DataDrivenTestCase" time="1.009" classname="testngPackage.dataProviderTest"/>
  <testcase name="TestCase1" time="1.009" classname="testngPackage.firstTestngTest"/>
  <testcase name="TestCase3" time="1.007" classname="testngPackage.firstTestngTest"/>
  <testcase name="TestCase4" time="1.011" classname="testngPackage.firstTestngTest"/>
</testsuite> <!-- Command line test -->
